<?xml version="1.0" encoding="UTF-8"?>
<!-- Generated by org.testng.reporters.JUnitXMLReporter -->
<testsuite hostname="AnkitaSrivastava" ignored="0" name="Test" tests="12" failures="3" timestamp="27 Aug 2019 08:05:06 GMT" time="0.418" errors="0">
  <testcase name="anotherTest" time="0.004" classname="com.test.ExceptionTimeOutTest"/>
  <testcase name="anotherTest" time="0.001" classname="com.test.ExceptionTimeOutTest"/>
  <testcase name="anotherTest" time="0.001" classname="com.test.ExceptionTimeOutTest"/>
  <testcase name="getup" time="0.32" classname="com.test.TestngFeatures">
    <failure type="java.lang.NoClassDefFoundError" message="org/json/JSONException">
      <![CDATA[java.lang.NoClassDefFoundError: org/json/JSONException
at org.openqa.selenium.remote.RemoteWebDriver.init(RemoteWebDriver.java:110)
at org.openqa.selenium.remote.RemoteWebDriver.<init>(RemoteWebDriver.java:92)
at org.openqa.selenium.firefox.FirefoxDriver.<init>(FirefoxDriver.java:142)
at org.openqa.selenium.firefox.FirefoxDriver.<init>(FirefoxDriver.java:84)
at com.test.TestngFeatures.getup(TestngFeatures.java:49)
Caused by: java.lang.ClassNotFoundException: org.json.JSONException
at java.net.URLClassLoader.findClass(Unknown Source)
at java.lang.ClassLoader.loadClass(Unknown Source)
at sun.misc.Launcher$AppClassLoader.loadClass(Unknown Source)
at java.lang.ClassLoader.loadClass(Unknown Source)
... 30 more
... Removed 25 stack frames]]>
    </failure>
  </testcase> <!-- getup -->
  <testcase name="googleTitletest1" time="0.002" classname="com.test.TestngFeatures"/>
  <testcase name="searchText1" time="0.001" classname="com.test.TestngFeatures"/>
  <testcase name="findLogo1" time="0.007" classname="com.test.TestngFeatures"/>
  <testcase name="sum" time="0.003" classname="com.test.InvocationCountTest">
    <failure type="java.lang.AssertionError" message="expected [true] but found [false]">
      <![CDATA[java.lang.AssertionError: expected [true] but found [false]
at com.test.InvocationCountTest.sum(InvocationCountTest.java:17)
... Removed 29 stack frames]]>
    </failure>
  </testcase> <!-- sum -->
  <testcase name="sum" time="0.002" classname="com.test.InvocationCountTest">
    <failure type="java.lang.AssertionError" message="expected [true] but found [false]">
      <![CDATA[java.lang.AssertionError: expected [true] but found [false]
at com.test.InvocationCountTest.sum(InvocationCountTest.java:17)
... Removed 29 stack frames]]>
    </failure>
  </testcase> <!-- sum -->
  <testcase name="googleTitletest" time="0.002" classname="com.test.Testngbasics"/>
  <testcase name="findLogo" time="0.001" classname="com.test.Testngbasics"/>
  <testcase name="searchText" time="0.004" classname="com.test.Testngbasics"/>
</testsuite> <!-- Test -->
