<?xml version="1.0" encoding="UTF-8"?>
<testng-results skipped="0" failed="2" ignored="0" total="4" passed="2">
  <reporter-output>
  </reporter-output>
  <suite name="Default suite" duration-ms="105" started-at="2019-08-27T08:05:32Z" finished-at="2019-08-27T08:05:32Z">
    <groups>
    </groups>
    <test name="Default test" duration-ms="105" started-at="2019-08-27T08:05:32Z" finished-at="2019-08-27T08:05:32Z">
      <class name="com.test.TestngFeatures">
        <test-method status="FAIL" signature="getup()[pri:0, instance:com.test.TestngFeatures@5419f379]" name="getup" duration-ms="58" started-at="2019-08-27T08:05:32Z" finished-at="2019-08-27T08:05:32Z">
          <exception class="java.lang.NoClassDefFoundError">
            <message>
              <![CDATA[org/json/JSONException]]>
            </message>
            <full-stacktrace>
              <![CDATA[java.lang.NoClassDefFoundError: org/json/JSONException
at org.openqa.selenium.remote.RemoteWebDriver.init(RemoteWebDriver.java:110)
at org.openqa.selenium.remote.RemoteWebDriver.<init>(RemoteWebDriver.java:92)
at org.openqa.selenium.firefox.FirefoxDriver.<init>(FirefoxDriver.java:142)
at org.openqa.selenium.firefox.FirefoxDriver.<init>(FirefoxDriver.java:84)
at com.test.TestngFeatures.getup(TestngFeatures.java:49)
at sun.reflect.NativeMethodAccessorImpl.invoke0(Native Method)
at sun.reflect.NativeMethodAccessorImpl.invoke(Unknown Source)
at sun.reflect.DelegatingMethodAccessorImpl.invoke(Unknown Source)
at java.lang.reflect.Method.invoke(Unknown Source)
at org.testng.internal.MethodInvocationHelper.invokeMethod(MethodInvocationHelper.java:124)
at org.testng.internal.Invoker.invokeMethod(Invoker.java:583)
at org.testng.internal.Invoker.invokeTestMethod(Invoker.java:719)
at org.testng.internal.Invoker.invokeTestMethods(Invoker.java:989)
at org.testng.internal.TestMethodWorker.invokeTestMethods(TestMethodWorker.java:125)
at org.testng.internal.TestMethodWorker.run(TestMethodWorker.java:109)
at org.testng.TestRunner.privateRun(TestRunner.java:648)
at org.testng.TestRunner.run(TestRunner.java:505)
at org.testng.SuiteRunner.runTest(SuiteRunner.java:455)
at org.testng.SuiteRunner.runSequentially(SuiteRunner.java:450)
at org.testng.SuiteRunner.privateRun(SuiteRunner.java:415)
at org.testng.SuiteRunner.run(SuiteRunner.java:364)
at org.testng.SuiteRunnerWorker.runSuite(SuiteRunnerWorker.java:52)
at org.testng.SuiteRunnerWorker.run(SuiteRunnerWorker.java:84)
at org.testng.TestNG.runSuitesSequentially(TestNG.java:1208)
at org.testng.TestNG.runSuitesLocally(TestNG.java:1137)
at org.testng.TestNG.runSuites(TestNG.java:1049)
at org.testng.TestNG.run(TestNG.java:1017)
at org.testng.remote.AbstractRemoteTestNG.run(AbstractRemoteTestNG.java:115)
at org.testng.remote.RemoteTestNG.initAndRun(RemoteTestNG.java:251)
at org.testng.remote.RemoteTestNG.main(RemoteTestNG.java:77)
Caused by: java.lang.ClassNotFoundException: org.json.JSONException
at java.net.URLClassLoader.findClass(Unknown Source)
at java.lang.ClassLoader.loadClass(Unknown Source)
at sun.misc.Launcher$AppClassLoader.loadClass(Unknown Source)
at java.lang.ClassLoader.loadClass(Unknown Source)
... 30 more
]]>
            </full-stacktrace>
          </exception> <!-- java.lang.NoClassDefFoundError -->
          <reporter-output>
          </reporter-output>
        </test-method> <!-- getup -->
        <test-method status="PASS" signature="googleTitletest1()[pri:0, instance:com.test.TestngFeatures@5419f379]" name="googleTitletest1" duration-ms="6" started-at="2019-08-27T08:05:32Z" finished-at="2019-08-27T08:05:32Z">
          <reporter-output>
          </reporter-output>
        </test-method> <!-- googleTitletest1 -->
        <test-method status="FAIL" signature="searchText1(java.lang.String)[pri:0, instance:com.test.TestngFeatures@5419f379]" name="searchText1" duration-ms="0" started-at="2019-08-27T08:05:32Z" finished-at="2019-08-27T08:05:32Z">
          <exception class="org.testng.TestNGException">
            <message>
              <![CDATA[
Parameter 'Url' is required by @Test on method searchText1 but has not been marked @Optional or defined
in C:\Users\Mitali Shrivastava\AppData\Local\Temp\testng-eclipse--578498277\testng-customsuite.xml]]>
            </message>
            <full-stacktrace>
              <![CDATA[org.testng.TestNGException: 
Parameter 'Url' is required by @Test on method searchText1 but has not been marked @Optional or defined
in C:\Users\Mitali Shrivastava\AppData\Local\Temp\testng-eclipse--578498277\testng-customsuite.xml
at org.testng.internal.Parameters.createParams(Parameters.java:290)
at org.testng.internal.Parameters.createParametersForMethod(Parameters.java:359)
at org.testng.internal.Parameters.createParameters(Parameters.java:620)
at org.testng.internal.Parameters.handleParameters(Parameters.java:769)
at org.testng.internal.ParameterHandler.handleParameters(ParameterHandler.java:49)
at org.testng.internal.ParameterHandler.createParameters(ParameterHandler.java:37)
at org.testng.internal.Invoker.invokeTestMethods(Invoker.java:924)
at org.testng.internal.TestMethodWorker.invokeTestMethods(TestMethodWorker.java:125)
at org.testng.internal.TestMethodWorker.run(TestMethodWorker.java:109)
at org.testng.TestRunner.privateRun(TestRunner.java:648)
at org.testng.TestRunner.run(TestRunner.java:505)
at org.testng.SuiteRunner.runTest(SuiteRunner.java:455)
at org.testng.SuiteRunner.runSequentially(SuiteRunner.java:450)
at org.testng.SuiteRunner.privateRun(SuiteRunner.java:415)
at org.testng.SuiteRunner.run(SuiteRunner.java:364)
at org.testng.SuiteRunnerWorker.runSuite(SuiteRunnerWorker.java:52)
at org.testng.SuiteRunnerWorker.run(SuiteRunnerWorker.java:84)
at org.testng.TestNG.runSuitesSequentially(TestNG.java:1208)
at org.testng.TestNG.runSuitesLocally(TestNG.java:1137)
at org.testng.TestNG.runSuites(TestNG.java:1049)
at org.testng.TestNG.run(TestNG.java:1017)
at org.testng.remote.AbstractRemoteTestNG.run(AbstractRemoteTestNG.java:115)
at org.testng.remote.RemoteTestNG.initAndRun(RemoteTestNG.java:251)
at org.testng.remote.RemoteTestNG.main(RemoteTestNG.java:77)
]]>
            </full-stacktrace>
          </exception> <!-- org.testng.TestNGException -->
          <reporter-output>
          </reporter-output>
        </test-method> <!-- searchText1 -->
        <test-method status="PASS" signature="findLogo1()[pri:0, instance:com.test.TestngFeatures@5419f379]" name="findLogo1" duration-ms="1" started-at="2019-08-27T08:05:32Z" depends-on-methods="com.test.TestngFeatures.googleTitletest1" finished-at="2019-08-27T08:05:32Z">
          <reporter-output>
          </reporter-output>
        </test-method> <!-- findLogo1 -->
      </class> <!-- com.test.TestngFeatures -->
    </test> <!-- Default test -->
  </suite> <!-- Default suite -->
</testng-results>
